<?xml version="1.0" encoding="UTF-8"?>
<!-- Generated by org.testng.reporters.JUnitXMLReporter -->
<testsuite ignored="0" hostname="LAPTOP-I9RA3P8J" failures="0" tests="3" name="Parameter Test" time="15.674" errors="0" timestamp="2026-04-20T12:39:48 IST">
  <testcase classname="parameterDemo.DemoBlazeUsingParameter" name="invalidPassword" time="1.816"/>
  <testcase classname="parameterDemo.DemoBlazeUsingParameter" name="invalidUserName" time="1.69"/>
  <testcase classname="parameterDemo.DemoBlazeUsingParameter" name="validLoginTest" time="0.655"/>
</testsuite> <!-- Parameter Test -->
