<?xml version="1.0" encoding="UTF-8"?>
<!-- Generated by org.testng.reporters.JUnitXMLReporter -->
<testsuite ignored="0" hostname="LAPTOP-I9RA3P8J" failures="0" tests="3" name="Login Test" time="11.494" errors="0" timestamp="2026-04-20T22:35:39 IST">
  <testcase classname="parameterDemo.DemoBlazeUsingParameter" name="invalidPassword" time="3.337"/>
  <testcase classname="parameterDemo.DemoBlazeUsingParameter" name="invalidPassword" time="2.445"/>
  <testcase classname="parameterDemo.DemoBlazeUsingParameter" name="validLoginTest" time="4.089"/>
</testsuite> <!-- Login Test -->
