<?xml version="1.0" encoding="UTF-8"?>
<testng-results ignored="0" total="3" passed="3" failed="0" skipped="0">
  <reporter-output>
  </reporter-output>
  <suite started-at="2026-04-20T22:35:28 IST" name="DemoBlaze Suite" finished-at="2026-04-20T22:35:39 IST" duration-ms="11494">
    <groups>
    </groups>
    <test started-at="2026-04-20T22:35:28 IST" name="Login Test" finished-at="2026-04-20T22:35:39 IST" duration-ms="11494">
      <class name="parameterDemo.DemoBlazeUsingParameter">
        <test-method is-config="true" signature="setup()[pri:0, instance:parameterDemo.DemoBlazeUsingParameter@479d31f3]" started-at="2026-04-20T22:35:28 IST" name="setup" finished-at="2026-04-20T22:35:35 IST" duration-ms="6987" status="PASS">
          <reporter-output>
          </reporter-output>
        </test-method> <!-- setup -->
        <test-method is-config="true" signature="setup()[pri:0, instance:parameterDemo.DemoBlazeUsingParameter@479d31f3]" started-at="2026-04-20T22:35:28 IST" name="setup" finished-at="2026-04-20T22:35:33 IST" duration-ms="5256" status="PASS">
          <reporter-output>
          </reporter-output>
        </test-method> <!-- setup -->
        <test-method is-config="true" signature="setup()[pri:0, instance:parameterDemo.DemoBlazeUsingParameter@479d31f3]" started-at="2026-04-20T22:35:28 IST" name="setup" finished-at="2026-04-20T22:35:35 IST" duration-ms="6843" status="PASS">
          <reporter-output>
          </reporter-output>
        </test-method> <!-- setup -->
        <test-method signature="invalidPassword(java.lang.String,java.lang.String)[pri:0, instance:parameterDemo.DemoBlazeUsingParameter@479d31f3]" started-at="2026-04-20T22:35:33 IST" name="invalidPassword" data-provider="testData" finished-at="2026-04-20T22:35:37 IST" duration-ms="3337" status="PASS">
          <params>
            <param index="0">
              <value>
                <![CDATA[vetri173]]>
              </value>
            </param>
            <param index="1">
              <value>
                <![CDATA[1234]]>
              </value>
            </param>
          </params>
          <reporter-output>
          </reporter-output>
        </test-method> <!-- invalidPassword -->
        <test-method signature="invalidPassword(java.lang.String,java.lang.String)[pri:0, instance:parameterDemo.DemoBlazeUsingParameter@479d31f3]" started-at="2026-04-20T22:35:35 IST" name="invalidPassword" data-provider="testData" finished-at="2026-04-20T22:35:37 IST" duration-ms="2445" status="PASS">
          <params>
            <param index="0">
              <value>
                <![CDATA[vetri1734]]>
              </value>
            </param>
            <param index="1">
              <value>
                <![CDATA[123]]>
              </value>
            </param>
          </params>
          <reporter-output>
          </reporter-output>
        </test-method> <!-- invalidPassword -->
        <test-method signature="validLoginTest(java.lang.String,java.lang.String)[pri:0, instance:parameterDemo.DemoBlazeUsingParameter@479d31f3]" started-at="2026-04-20T22:35:35 IST" name="validLoginTest" finished-at="2026-04-20T22:35:39 IST" duration-ms="4089" status="PASS">
          <params>
            <param index="0">
              <value>
                <![CDATA[vetri1734]]>
              </value>
            </param>
            <param index="1">
              <value>
                <![CDATA[1234]]>
              </value>
            </param>
          </params>
          <reporter-output>
          </reporter-output>
        </test-method> <!-- validLoginTest -->
        <test-method is-config="true" signature="teardown()[pri:0, instance:parameterDemo.DemoBlazeUsingParameter@479d31f3]" started-at="2026-04-20T22:35:37 IST" name="teardown" finished-at="2026-04-20T22:35:37 IST" duration-ms="304" status="PASS">
          <reporter-output>
          </reporter-output>
        </test-method> <!-- teardown -->
        <test-method is-config="true" signature="teardown()[pri:0, instance:parameterDemo.DemoBlazeUsingParameter@479d31f3]" started-at="2026-04-20T22:35:37 IST" name="teardown" finished-at="2026-04-20T22:35:38 IST" duration-ms="274" status="PASS">
          <reporter-output>
          </reporter-output>
        </test-method> <!-- teardown -->
        <test-method is-config="true" signature="teardown()[pri:0, instance:parameterDemo.DemoBlazeUsingParameter@479d31f3]" started-at="2026-04-20T22:35:39 IST" name="teardown" finished-at="2026-04-20T22:35:39 IST" duration-ms="330" status="PASS">
          <reporter-output>
          </reporter-output>
        </test-method> <!-- teardown -->
      </class> <!-- parameterDemo.DemoBlazeUsingParameter -->
    </test> <!-- Login Test -->
  </suite> <!-- DemoBlaze Suite -->
</testng-results>
