<?xml version="1.0" encoding="UTF-8"?>
<!-- Generated by org.testng.reporters.JUnitReportReporter -->
<testsuite hostname="LAPTOP-I9RA3P8J" failures="0" tests="4" name="parameterDemo.DataProviderDemo1" time="32.555" errors="0" timestamp="2026-04-20T15:24:47 IST" skipped="0">
  <testcase classname="parameterDemo.DataProviderDemo1" name="test" time="7.280"/>
  <testcase classname="parameterDemo.DataProviderDemo1" name="test" time="8.179"/>
  <testcase classname="parameterDemo.DataProviderDemo1" name="test" time="6.795"/>
  <testcase classname="parameterDemo.DataProviderDemo1" name="test" time="10.301"/>
</testsuite> <!-- parameterDemo.DataProviderDemo1 -->
