<?xml version="1.0" encoding="UTF-8"?>
<!-- Generated by org.testng.reporters.JUnitReportReporter -->
<testsuite hostname="LAPTOP-I9RA3P8J" failures="0" tests="3" name="parameterDemo.DemoBlazeUsingParameter" time="29.865" errors="0" timestamp="2026-04-20T22:35:40 IST" skipped="0">
  <testcase classname="parameterDemo.DemoBlazeUsingParameter" name="invalidPassword" time="10.628"/>
  <testcase classname="parameterDemo.DemoBlazeUsingParameter" name="invalidPassword" time="9.562"/>
  <testcase classname="parameterDemo.DemoBlazeUsingParameter" name="validLoginTest" time="9.675"/>
</testsuite> <!-- parameterDemo.DemoBlazeUsingParameter -->
